<?xml version="1.0" encoding="UTF-8"?>
<!-- Generated by org.testng.reporters.JUnitReportReporter -->
<testsuite hostname="hp" failures="0" tests="2" name="testExecution.MethodExecution" time="0.029" errors="0" timestamp="2023-03-28T23:07:42 IST" skipped="0">
  <testcase classname="testExecution.MethodExecution" name="method2" time="0.012"/>
  <system-out>
    <![CDATA[1is the threadid
method2]]>
  </system-out>
  <testcase classname="testExecution.MethodExecution" name="method1" time="0.017"/>
  <system-out>
    <![CDATA[1is the threadid
method1]]>
  </system-out>
</testsuite> <!-- testExecution.MethodExecution -->
