<?xml version="1.0" encoding="UTF-8"?>
<!-- Generated by org.testng.reporters.JUnitReportReporter -->
<testsuite hostname="hp" failures="0" tests="3" name="testNgFlags.Flag5" time="0.047" errors="0" timestamp="2023-03-30T22:43:15 IST" skipped="0">
  <testcase classname="testNgFlags.Flag5" name="logout" time="0.023"/>
  <system-out>
    <![CDATA[Logged out!!]]>
  </system-out>
  <testcase classname="testNgFlags.Flag5" name="createUser" time="0.003"/>
  <system-out>
    <![CDATA[UserCreated]]>
  </system-out>
  <testcase classname="testNgFlags.Flag5" name="login" time="0.021"/>
  <system-out>
    <![CDATA[Logged in!!]]>
  </system-out>
</testsuite> <!-- testNgFlags.Flag5 -->
