<?xml version="1.0" encoding="UTF-8"?>
<!-- Generated by org.testng.reporters.JUnitReportReporter -->
<testsuite hostname="hp" failures="0" tests="3" name="testNGPack.Sumo" time="0.019" errors="0" timestamp="2023-01-24T20:20:11 IST" skipped="0">
  <testcase classname="testNGPack.Sumo" name="sumo" time="0.012"/>
  <system-out>
    <![CDATA[this is sumo method!]]>
  </system-out>
  <testcase classname="testNGPack.Sumo" name="sumo2" time="0.004"/>
  <system-out>
    <![CDATA[this is sumo2 method!]]>
  </system-out>
  <testcase classname="testNGPack.Sumo" name="sumo1" time="0.003"/>
  <system-out>
    <![CDATA[this is sumo1 method!]]>
  </system-out>
</testsuite> <!-- testNGPack.Sumo -->
