<?xml version="1.0" encoding="UTF-8"?>
<!-- Generated by org.testng.reporters.JUnitReportReporter -->
<testsuite hostname="hp" failures="0" tests="1" name="testNGPack2.Class1" time="22.486" errors="0" timestamp="2023-01-24T20:42:25 IST" skipped="0">
  <testcase classname="testNGPack2.Class1" name="sql" time="22.486"/>
  <system-out>
    <![CDATA[method of Class1!!]]>
  </system-out>
</testsuite> <!-- testNGPack2.Class1 -->
