<?xml version="1.0" encoding="UTF-8"?>
<!-- Generated by org.testng.reporters.JUnitReportReporter -->
<testsuite hostname="hp" failures="0" tests="1" name="testNgFlags.Flag2" time="0.001" errors="0" timestamp="2023-03-30T22:43:15 IST" skipped="0">
  <testcase classname="testNgFlags.Flag2" name="search1" time="0.001"/>
  <system-out>
    <![CDATA[Log in Page]]>
  </system-out>
</testsuite> <!-- testNgFlags.Flag2 -->
