<?xml version="1.0" encoding="UTF-8"?>
<!-- Generated by org.testng.reporters.JUnitReportReporter -->
<testsuite hostname="hp" failures="0" tests="9" name="testNGPack2.PriorityClass" time="0.114" errors="0" timestamp="2023-03-30T22:27:24 IST" skipped="0">
  <testcase classname="testNGPack2.PriorityClass" name="g" time="0.005"/>
  <system-out>
    <![CDATA[g]]>
  </system-out>
  <testcase classname="testNGPack2.PriorityClass" name="a" time="0.075"/>
  <system-out>
    <![CDATA[a]]>
  </system-out>
  <testcase classname="testNGPack2.PriorityClass" name="i" time="0.003"/>
  <system-out>
    <![CDATA[i]]>
  </system-out>
  <testcase classname="testNGPack2.PriorityClass" name="b" time="0.013"/>
  <system-out>
    <![CDATA[b]]>
  </system-out>
  <testcase classname="testNGPack2.PriorityClass" name="k" time="0.006"/>
  <system-out>
    <![CDATA[k]]>
  </system-out>
  <testcase classname="testNGPack2.PriorityClass" name="h" time="0.003"/>
  <system-out>
    <![CDATA[h]]>
  </system-out>
  <testcase classname="testNGPack2.PriorityClass" name="p" time="0.002"/>
  <system-out>
    <![CDATA[p]]>
  </system-out>
  <testcase classname="testNGPack2.PriorityClass" name="z" time="0.003"/>
  <system-out>
    <![CDATA[z]]>
  </system-out>
  <testcase classname="testNGPack2.PriorityClass" name="m" time="0.004"/>
  <system-out>
    <![CDATA[m]]>
  </system-out>
</testsuite> <!-- testNGPack2.PriorityClass -->
