<?xml version="1.0" encoding="UTF-8"?>
<!-- Generated by org.testng.reporters.JUnitReportReporter -->
<testsuite hostname="hp" failures="0" tests="3" name="testNgFlags.Flag3" time="0.012" errors="0" timestamp="2023-03-30T22:43:15 IST" skipped="0">
  <testcase classname="testNgFlags.Flag3" name="logOut" time="0.001"/>
  <system-out>
    <![CDATA[Logged Out!!]]>
  </system-out>
  <testcase classname="testNgFlags.Flag3" name="createUser" time="0.001"/>
  <system-out>
    <![CDATA[UserCreated]]>
  </system-out>
  <testcase classname="testNgFlags.Flag3" name="login" time="0.010"/>
  <system-out>
    <![CDATA[Logged in!!]]>
  </system-out>
</testsuite> <!-- testNgFlags.Flag3 -->
