<?xml version="1.0" encoding="UTF-8"?>
<!-- Generated by org.testng.reporters.JUnitReportReporter -->
<testsuite hostname="hp" failures="0" tests="3" name="testNGPack.Demo" time="0.039" errors="0" timestamp="2023-01-24T13:44:28 IST" skipped="0">
  <testcase classname="testNGPack.Demo" name="demo" time="0.020"/>
  <system-out>
    <![CDATA[This is demo method!!]]>
  </system-out>
  <testcase classname="testNGPack.Demo" name="demo1" time="0.013"/>
  <system-out>
    <![CDATA[This is demo1 method!!]]>
  </system-out>
  <testcase classname="testNGPack.Demo" name="demo2" time="0.006"/>
  <system-out>
    <![CDATA[This is demo2 method!!]]>
  </system-out>
</testsuite> <!-- testNGPack.Demo -->
