<?xml version="1.0" encoding="UTF-8"?>
<!-- Generated by org.testng.reporters.JUnitReportReporter -->
<testsuite hostname="hp" failures="0" tests="1" name="testNGPack2.Class4" time="29.481" errors="0" timestamp="2023-01-24T21:03:34 IST" skipped="0">
  <testcase classname="testNGPack2.Class4" name="automation" time="29.481"/>
  <system-out>
    <![CDATA[method of Class4!!]]>
  </system-out>
</testsuite> <!-- testNGPack2.Class4 -->
