<?xml version="1.0" encoding="UTF-8"?>
<!-- Generated by org.testng.reporters.JUnitReportReporter -->
<testsuite hostname="hp" failures="0" tests="3" name="testNGPack.Remo" time="0.026" errors="0" timestamp="2023-01-24T20:15:12 IST" skipped="0">
  <testcase classname="testNGPack.Remo" name="remo" time="0.019"/>
  <system-out>
    <![CDATA[this remo method!]]>
  </system-out>
  <testcase classname="testNGPack.Remo" name="remo2" time="0.005"/>
  <system-out>
    <![CDATA[this remo2 method!]]>
  </system-out>
  <testcase classname="testNGPack.Remo" name="remo1" time="0.002"/>
  <system-out>
    <![CDATA[this remo1 method!]]>
  </system-out>
</testsuite> <!-- testNGPack.Remo -->
