<?xml version="1.0" encoding="UTF-8"?>
<!-- Generated by org.testng.reporters.JUnitReportReporter -->
<testsuite hostname="hp" failures="0" tests="1" name="testNGParallelExecution.TestNG2" time="0.018" errors="0" timestamp="2023-01-25T23:39:20 IST" skipped="0">
  <testcase classname="testNGParallelExecution.TestNG2" name="m2" time="0.018"/>
  <system-out>
    <![CDATA[m2 method]]>
  </system-out>
</testsuite> <!-- testNGParallelExecution.TestNG2 -->
