<?xml version="1.0" encoding="UTF-8"?>
<!-- Generated by org.testng.reporters.JUnitReportReporter -->
<testsuite hostname="hp" failures="0" tests="1" name="testNGPack2.Class3" time="22.818" errors="0" timestamp="2023-01-24T20:58:46 IST" skipped="0">
  <testcase classname="testNGPack2.Class3" name="java" time="22.818"/>
  <system-out>
    <![CDATA[method of Class3!!]]>
  </system-out>
</testsuite> <!-- testNGPack2.Class3 -->
