<?xml version="1.0" encoding="UTF-8"?>
<!-- Generated by org.testng.reporters.JUnitReportReporter -->
<testsuite hostname="hp" failures="0" tests="3" name="testNG.Demo" time="0.009" errors="0" timestamp="2023-03-29T23:24:56 IST" skipped="0">
  <testcase classname="testNG.Demo" name="m1" time="0.004"/>
  <system-out>
    <![CDATA[method name is m1]]>
  </system-out>
  <testcase classname="testNG.Demo" name="m2" time="0.002"/>
  <system-out>
    <![CDATA[method name is m2]]>
  </system-out>
  <testcase classname="testNG.Demo" name="f" time="0.003"/>
  <system-out>
    <![CDATA[Sunday!!]]>
  </system-out>
</testsuite> <!-- testNG.Demo -->
