<?xml version="1.0" encoding="UTF-8"?>
<!-- Generated by org.testng.reporters.JUnitReportReporter -->
<testsuite hostname="hp" failures="0" tests="1" name="testNGPack2.Class2" time="25.162" errors="0" timestamp="2023-01-24T20:47:45 IST" skipped="0">
  <testcase classname="testNGPack2.Class2" name="mt" time="25.162"/>
  <system-out>
    <![CDATA[method of Class2!!]]>
  </system-out>
</testsuite> <!-- testNGPack2.Class2 -->
