<?xml version="1.0" encoding="UTF-8"?>
<!-- Generated by org.testng.reporters.JUnitReportReporter -->
<testsuite hostname="hp" failures="0" tests="1" name="assertionTesting.Assert2" time="7.837" errors="0" timestamp="2023-03-31T20:24:18 IST" skipped="0">
  <testcase classname="assertionTesting.Assert2" name="login" time="7.837"/>
  <system-out/>
</testsuite> <!-- assertionTesting.Assert2 -->
