<?xml version="1.0" encoding="UTF-8"?>
<!-- Generated by org.testng.reporters.JUnitReportReporter -->
<testsuite hostname="hp" failures="0" tests="2" name="testNGPack2.Annotation" time="0.035" errors="0" timestamp="2023-01-24T20:34:01 IST" skipped="0">
  <testcase classname="testNGPack2.Annotation" name="test2" time="0.013"/>
  <system-out>
    <![CDATA[@Test2 Annotation]]>
  </system-out>
  <testcase classname="testNGPack2.Annotation" name="test" time="0.022"/>
  <system-out>
    <![CDATA[@Test Annotation]]>
  </system-out>
</testsuite> <!-- testNGPack2.Annotation -->
