<?xml version="1.0" encoding="UTF-8"?>
<!-- Generated by org.testng.reporters.JUnitReportReporter -->
<testsuite hostname="hp" failures="0" tests="3" name="testNG.Demo3" time="0.023" errors="0" timestamp="2023-03-29T23:24:56 IST" skipped="0">
  <testcase classname="testNG.Demo3" name="dm4" time="0.005"/>
  <system-out>
    <![CDATA[method name is dm4]]>
  </system-out>
  <testcase classname="testNG.Demo3" name="dm3" time="0.013"/>
  <system-out>
    <![CDATA[method name is dm1]]>
  </system-out>
  <testcase classname="testNG.Demo3" name="dm5" time="0.005"/>
  <system-out>
    <![CDATA[method name is dm5]]>
  </system-out>
</testsuite> <!-- testNG.Demo3 -->
