<?xml version="1.0" encoding="UTF-8"?>
<!-- Generated by org.testng.reporters.JUnitReportReporter -->
<testsuite hostname="hp" failures="0" tests="2" name="testNGDynamicScreenShot.ActiTimeLogin" time="16.343" errors="0" timestamp="2023-04-02T18:57:12 IST" skipped="0">
  <testcase classname="testNGDynamicScreenShot.ActiTimeLogin" name="homepageMethod" time="6.592"/>
  <system-out/>
  <testcase classname="testNGDynamicScreenShot.ActiTimeLogin" name="loginpageMethod" time="9.751"/>
  <system-out/>
</testsuite> <!-- testNGDynamicScreenShot.ActiTimeLogin -->
