<?xml version="1.0" encoding="UTF-8"?>
<!-- Generated by org.testng.reporters.JUnitReportReporter -->
<testsuite hostname="hp" failures="0" tests="2" name="testNgFlags.Flag6" time="0.013" errors="0" timestamp="2023-03-31T19:21:04 IST" skipped="1">
  <testcase classname="testNgFlags.Flag6" name="logout" time="0.013"/>
  <system-out>
    <![CDATA[Logout Method]]>
  </system-out>
  <testcase classname="testNgFlags.Flag6" name="login">
    <skipped/>
  </testcase> <!-- login -->
  <system-out/>
</testsuite> <!-- testNgFlags.Flag6 -->
