<?xml version="1.0" encoding="UTF-8"?>
<!-- Generated by org.testng.reporters.JUnitReportReporter -->
<testsuite hostname="hp" failures="0" tests="1" name="testNGParallelExecution.TestNG1" time="0.016" errors="0" timestamp="2023-03-28T19:24:35 IST" skipped="0">
  <testcase classname="testNGParallelExecution.TestNG1" name="m1" time="0.016"/>
  <system-out>
    <![CDATA[m1 method]]>
  </system-out>
</testsuite> <!-- testNGParallelExecution.TestNG1 -->
