<?xml version="1.0" encoding="UTF-8"?>
<!-- Generated by org.testng.reporters.JUnitReportReporter -->
<testsuite hostname="hp" failures="0" tests="2" name="testNGParallelExecution.TestNG4" time="0.019" errors="0" timestamp="2023-01-25T23:46:16 IST" skipped="0">
  <testcase classname="testNGParallelExecution.TestNG4" name="today" time="0.016"/>
  <system-out>
    <![CDATA[today method1is the thread]]>
  </system-out>
  <testcase classname="testNGParallelExecution.TestNG4" name="tomorrow" time="0.003"/>
  <system-out>
    <![CDATA[tomorrow method1is the thread]]>
  </system-out>
</testsuite> <!-- testNGParallelExecution.TestNG4 -->
