<?xml version="1.0" encoding="UTF-8"?>
<!-- Generated by org.testng.reporters.JUnitReportReporter -->
<testsuite hostname="hp" failures="0" tests="3" name="testNGAnnotation.TestAnnotation" time="0.026" errors="0" timestamp="2023-03-29T23:25:44 IST" skipped="0">
  <testcase classname="testNGAnnotation.TestAnnotation" name="g" time="0.004"/>
  <system-out>
    <![CDATA[testcase2]]>
  </system-out>
  <testcase classname="testNGAnnotation.TestAnnotation" name="f" time="0.015"/>
  <system-out>
    <![CDATA[testCase1]]>
  </system-out>
  <testcase classname="testNGAnnotation.TestAnnotation" name="h" time="0.007"/>
  <system-out>
    <![CDATA[testcase3]]>
  </system-out>
</testsuite> <!-- testNGAnnotation.TestAnnotation -->
