<?xml version="1.0" encoding="UTF-8"?>
<!-- Generated by org.testng.reporters.JUnitReportReporter -->
<testsuite hostname="hp" failures="0" tests="2" name="testNGParallelExecution.TestNG3" time="0.014" errors="0" timestamp="2023-01-25T23:41:16 IST" skipped="0">
  <testcase classname="testNGParallelExecution.TestNG3" name="method2" time="0.002"/>
  <system-out>
    <![CDATA[i am method2]]>
  </system-out>
  <testcase classname="testNGParallelExecution.TestNG3" name="method1" time="0.012"/>
  <system-out>
    <![CDATA[i am method1]]>
  </system-out>
</testsuite> <!-- testNGParallelExecution.TestNG3 -->
