<?xml version="1.0" encoding="UTF-8"?>
<!-- Generated by org.testng.reporters.JUnitReportReporter -->
<testsuite hostname="hp" failures="0" tests="3" name="testNGAnnotation.GoogleTestCase" time="130.253" errors="0" timestamp="2023-03-29T23:28:03 IST" skipped="0">
  <testcase classname="testNGAnnotation.GoogleTestCase" name="Search1" time="40.073"/>
  <system-out/>
  <testcase classname="testNGAnnotation.GoogleTestCase" name="Search2" time="53.830"/>
  <system-out/>
  <testcase classname="testNGAnnotation.GoogleTestCase" name="Search3" time="36.350"/>
  <system-out/>
</testsuite> <!-- testNGAnnotation.GoogleTestCase -->
