<?xml version="1.0" encoding="UTF-8"?>
<!-- Generated by org.testng.reporters.JUnitReportReporter -->
<testsuite hostname="hp" failures="0" tests="18" name="testNGPack2.Flag6" time="0.073" errors="0" timestamp="2023-03-30T22:29:08 IST" skipped="0">
  <testcase classname="testNGPack2.Flag6" name="it1" time="0.002"/>
  <system-out>
    <![CDATA[Integration Testing1]]>
  </system-out>
  <testcase classname="testNGPack2.Flag6" name="it3" time="0.002"/>
  <system-out>
    <![CDATA[Integration Testing3]]>
  </system-out>
  <testcase classname="testNGPack2.Flag6" name="ft5" time="0.007"/>
  <system-out>
    <![CDATA[Functional Testing5]]>
  </system-out>
  <testcase classname="testNGPack2.Flag6" name="st5" time="0.008"/>
  <system-out>
    <![CDATA[System Testing5]]>
  </system-out>
  <testcase classname="testNGPack2.Flag6" name="it2" time="0.005"/>
  <system-out>
    <![CDATA[Integration Testing2]]>
  </system-out>
  <testcase classname="testNGPack2.Flag6" name="it6" time="0.007"/>
  <system-out>
    <![CDATA[Integration Testing6]]>
  </system-out>
  <testcase classname="testNGPack2.Flag6" name="ft2" time="0.006"/>
  <system-out>
    <![CDATA[Functional Testing2]]>
  </system-out>
  <testcase classname="testNGPack2.Flag6" name="it5" time="0.004"/>
  <system-out>
    <![CDATA[Integration Testing5]]>
  </system-out>
  <testcase classname="testNGPack2.Flag6" name="ft1" time="0.012"/>
  <system-out>
    <![CDATA[Functional Testing1]]>
  </system-out>
  <testcase classname="testNGPack2.Flag6" name="ft6" time="0.002"/>
  <system-out>
    <![CDATA[Functional Testing6]]>
  </system-out>
  <testcase classname="testNGPack2.Flag6" name="st1" time="0.004"/>
  <system-out>
    <![CDATA[System Testing1]]>
  </system-out>
  <testcase classname="testNGPack2.Flag6" name="ft4" time="0.002"/>
  <system-out>
    <![CDATA[Functional Testing4]]>
  </system-out>
  <testcase classname="testNGPack2.Flag6" name="st3" time="0.001"/>
  <system-out>
    <![CDATA[System Testing3]]>
  </system-out>
  <testcase classname="testNGPack2.Flag6" name="st2" time="0.002"/>
  <system-out>
    <![CDATA[System Testing2]]>
  </system-out>
  <testcase classname="testNGPack2.Flag6" name="st6" time="0.003"/>
  <system-out>
    <![CDATA[System Testing6]]>
  </system-out>
  <testcase classname="testNGPack2.Flag6" name="it4" time="0.003"/>
  <system-out>
    <![CDATA[Integration Testing4]]>
  </system-out>
  <testcase classname="testNGPack2.Flag6" name="ft3" time="0.001"/>
  <system-out>
    <![CDATA[Functional Testing3]]>
  </system-out>
  <testcase classname="testNGPack2.Flag6" name="st4" time="0.002"/>
  <system-out>
    <![CDATA[System Testing4]]>
  </system-out>
</testsuite> <!-- testNGPack2.Flag6 -->
